<?xml version="1.0" encoding="UTF-8"?>
<!-- Generated by org.testng.reporters.JUnitXMLReporter -->
<testsuite ignored="0" hostname="DESKTOP-USMNHNH" failures="0" tests="3" name="Test-Runner-Edge" time="12.596" errors="0" timestamp="2025-06-17T11:34:20 IST">
  <testcase classname="TestCases.AddProductToCart" name="TC_02_AddProductToCart" time="1.626"/>
  <testcase classname="TestCases.AddProductToCart" name="regression" time="0.027"/>
  <testcase classname="TestCases.AddProductToCart" name="sample" time="0.022"/>
</testsuite> <!-- Test-Runner-Edge -->
