<?xml version="1.0" encoding="UTF-8"?>
<!-- Generated by org.testng.reporters.JUnitXMLReporter -->
<testsuite ignored="0" hostname="DESKTOP-USMNHNH" failures="0" tests="3" name="Test-Runner-Firefox" time="14.874" errors="0" timestamp="2025-06-17T11:34:23 IST">
  <testcase classname="TestCases.AddProductToCart" name="TC_02_AddProductToCart" time="0.841"/>
  <testcase classname="TestCases.AddProductToCart" name="regression" time="0.003"/>
  <testcase classname="TestCases.AddProductToCart" name="sample" time="0.0"/>
</testsuite> <!-- Test-Runner-Firefox -->
