<?xml version="1.0" encoding="UTF-8"?>
<!-- Generated by org.testng.reporters.JUnitXMLReporter -->
<testsuite ignored="0" hostname="DESKTOP-USMNHNH" failures="0" tests="1" name="Test-Runner-2" time="13.038" errors="0" timestamp="2025-06-16T13:30:57 IST">
  <testcase classname="TestCases.LoginLogout" name="TC_01_LoginLogout" time="0.019"/>
</testsuite> <!-- Test-Runner-2 -->
