<?xml version="1.0" encoding="UTF-8"?>
<!-- Generated by org.testng.reporters.JUnitReportReporter -->
<testsuite hostname="DESKTOP-USMNHNH" failures="0" tests="5" name="Practice.InvCount" time="0.031" errors="0" timestamp="2025-06-12T12:21:20 IST" skipped="0">
  <testcase classname="Practice.InvCount" name="modify" time="0.002"/>
  <testcase classname="Practice.InvCount" name="create" time="0.014"/>
  <testcase classname="Practice.InvCount" name="delete" time="0.004"/>
  <testcase classname="Practice.InvCount" name="delete" time="0.002"/>
  <testcase classname="Practice.InvCount" name="delete" time="0.009"/>
</testsuite> <!-- Practice.InvCount -->
