<?xml version="1.0" encoding="UTF-8"?>
<!-- Generated by org.testng.reporters.JUnitReportReporter -->
<testsuite hostname="DESKTOP-USMNHNH" failures="0" tests="3" name="Practice.TestNGPractice" time="0.026" errors="0" timestamp="2025-06-11T13:53:04 IST" skipped="0">
  <testcase classname="Practice.TestNGPractice" name="delete" time="0.018"/>
  <testcase classname="Practice.TestNGPractice" name="modify" time="0.004"/>
  <testcase classname="Practice.TestNGPractice" name="create" time="0.004"/>
</testsuite> <!-- Practice.TestNGPractice -->
