<?xml version="1.0" encoding="UTF-8"?>
<!-- Generated by org.testng.reporters.JUnitReportReporter -->
<testsuite hostname="DESKTOP-USMNHNH" failures="0" tests="1" name="Practice.AssertPractice" time="0.024" errors="0" timestamp="2025-06-14T12:27:14 IST" skipped="0">
  <testcase classname="Practice.AssertPractice" name="sampleSoft" time="0.024"/>
</testsuite> <!-- Practice.AssertPractice -->
