<?xml version="1.0" encoding="UTF-8"?>
<!-- Generated by org.testng.reporters.JUnitReportReporter -->
<testsuite hostname="DESKTOP-USMNHNH" failures="0" tests="1" name="TestCases.LoginLogout" time="0.972" errors="0" timestamp="2025-06-19T13:29:41 IST" skipped="0">
  <testcase classname="TestCases.LoginLogout" name="TC_01_LoginLogout" time="0.972"/>
</testsuite> <!-- TestCases.LoginLogout -->
