<?xml version="1.0" encoding="UTF-8"?>
<!-- Generated by org.testng.reporters.JUnitReportReporter -->
<testsuite hostname="DESKTOP-USMNHNH" failures="0" tests="4" name="Practice.DataProviderPractice" time="0.018" errors="0" timestamp="2025-06-12T13:26:01 IST" skipped="0">
  <testcase classname="Practice.DataProviderPractice" name="createCustomer" time="0.013"/>
  <testcase classname="Practice.DataProviderPractice" name="createCustomer" time="0.002"/>
  <testcase classname="Practice.DataProviderPractice" name="createCustomer" time="0.002"/>
  <testcase classname="Practice.DataProviderPractice" name="createCustomer" time="0.001"/>
</testsuite> <!-- Practice.DataProviderPractice -->
