<?xml version="1.0" encoding="UTF-8"?>
<!-- Generated by org.testng.reporters.JUnitReportReporter -->
<testsuite hostname="DESKTOP-USMNHNH" failures="0" tests="1" name="TestCases.AddLowestPriceProductToCart" time="1.348" errors="0" timestamp="2025-06-19T13:29:41 IST" skipped="0">
  <testcase classname="TestCases.AddLowestPriceProductToCart" name="TC_03_AddLowestPriceProductToCart" time="1.348"/>
</testsuite> <!-- TestCases.AddLowestPriceProductToCart -->
