<?xml version="1.0" encoding="UTF-8"?>
<!-- Generated by org.testng.reporters.JUnitReportReporter -->
<testsuite hostname="DESKTOP-USMNHNH" failures="0" tests="3" name="Practice.EnableDisable" time="0.018" errors="0" timestamp="2025-06-12T12:24:07 IST" skipped="1">
  <testcase classname="Practice.EnableDisable" name="delete" time="0.005"/>
  <testcase classname="Practice.EnableDisable" name="create" time="0.013"/>
  <testcase classname="Practice.EnableDisable" name="modify">
    <skipped/>
  </testcase> <!-- modify -->
</testsuite> <!-- Practice.EnableDisable -->
